{"/Volumes/SSD/Code/Blastengine/blastengine-node/src/index.ts": {"path":"/Volumes/SSD/Code/Blastengine/blastengine-node/src/index.ts","all":false,"statementMap":{"0":{"start":{"line":1,"column":0},"end":{"line":1,"column":28}},"1":{"start":{"line":2,"column":0},"end":{"line":2,"column":40}},"2":{"start":{"line":3,"column":0},"end":{"line":3,"column":52}},"3":{"start":{"line":4,"column":0},"end":{"line":4,"column":0}},"4":{"start":{"line":5,"column":0},"end":{"line":5,"column":29}},"5":{"start":{"line":6,"column":0},"end":{"line":6,"column":13}},"6":{"start":{"line":7,"column":0},"end":{"line":7,"column":13}},"7":{"start":{"line":8,"column":0},"end":{"line":8,"column":12}},"8":{"start":{"line":9,"column":0},"end":{"line":9,"column":0}},"9":{"start":{"line":10,"column":0},"end":{"line":10,"column":21}},"10":{"start":{"line":11,"column":0},"end":{"line":11,"column":13}},"11":{"start":{"line":12,"column":0},"end":{"line":12,"column":0}},"12":{"start":{"line":13,"column":0},"end":{"line":13,"column":46}},"13":{"start":{"line":14,"column":0},"end":{"line":14,"column":23}},"14":{"start":{"line":15,"column":0},"end":{"line":15,"column":23}},"15":{"start":{"line":16,"column":0},"end":{"line":16,"column":23}},"16":{"start":{"line":17,"column":0},"end":{"line":17,"column":25}},"17":{"start":{"line":18,"column":0},"end":{"line":18,"column":21}},"18":{"start":{"line":19,"column":0},"end":{"line":19,"column":31}},"19":{"start":{"line":20,"column":0},"end":{"line":20,"column":23}},"20":{"start":{"line":21,"column":0},"end":{"line":21,"column":2}},"21":{"start":{"line":22,"column":0},"end":{"line":22,"column":0}},"22":{"start":{"line":23,"column":0},"end":{"line":23,"column":15}},"23":{"start":{"line":24,"column":0},"end":{"line":24,"column":18}},"24":{"start":{"line":25,"column":0},"end":{"line":25,"column":2}},"25":{"start":{"line":26,"column":0},"end":{"line":26,"column":0}},"26":{"start":{"line":27,"column":0},"end":{"line":27,"column":18}},"27":{"start":{"line":28,"column":0},"end":{"line":28,"column":45}},"28":{"start":{"line":29,"column":0},"end":{"line":29,"column":24}},"29":{"start":{"line":30,"column":0},"end":{"line":30,"column":25}},"30":{"start":{"line":31,"column":0},"end":{"line":31,"column":24}},"31":{"start":{"line":32,"column":0},"end":{"line":32,"column":19}},"32":{"start":{"line":33,"column":0},"end":{"line":33,"column":21}},"33":{"start":{"line":34,"column":0},"end":{"line":34,"column":32}},"34":{"start":{"line":35,"column":0},"end":{"line":35,"column":24}},"35":{"start":{"line":36,"column":0},"end":{"line":36,"column":2}},"36":{"start":{"line":37,"column":0},"end":{"line":37,"column":1}}},"s":{"0":1,"1":1,"2":1,"3":1,"4":1,"5":1,"6":1,"7":1,"8":1,"9":1,"10":1,"11":1,"12":1,"13":2,"14":2,"15":2,"16":2,"17":2,"18":2,"19":2,"20":2,"21":1,"22":1,"23":3,"24":3,"25":1,"26":1,"27":2,"28":2,"29":2,"30":2,"31":2,"32":2,"33":2,"34":2,"35":2,"36":1},"branchMap":{"0":{"type":"branch","line":13,"loc":{"start":{"line":13,"column":1},"end":{"line":21,"column":2}},"locations":[{"start":{"line":13,"column":1},"end":{"line":21,"column":2}}]},"1":{"type":"branch","line":23,"loc":{"start":{"line":23,"column":1},"end":{"line":25,"column":2}},"locations":[{"start":{"line":23,"column":1},"end":{"line":25,"column":2}}]},"2":{"type":"branch","line":27,"loc":{"start":{"line":27,"column":1},"end":{"line":36,"column":2}},"locations":[{"start":{"line":27,"column":1},"end":{"line":36,"column":2}}]}},"b":{"0":[2],"1":[3],"2":[2]},"fnMap":{"0":{"name":"Client","decl":{"start":{"line":13,"column":1},"end":{"line":21,"column":2}},"loc":{"start":{"line":13,"column":1},"end":{"line":21,"column":2}},"line":13},"1":{"name":"bluk","decl":{"start":{"line":23,"column":1},"end":{"line":25,"column":2}},"loc":{"start":{"line":23,"column":1},"end":{"line":25,"column":2}},"line":23},"2":{"name":"generateToken","decl":{"start":{"line":27,"column":1},"end":{"line":36,"column":2}},"loc":{"start":{"line":27,"column":1},"end":{"line":36,"column":2}},"line":27}},"f":{"0":2,"1":3,"2":2}}
,"/Volumes/SSD/Code/Blastengine/blastengine-node/src/libs/delivery/index.ts": {"path":"/Volumes/SSD/Code/Blastengine/blastengine-node/src/libs/delivery/index.ts","all":false,"statementMap":{"0":{"start":{"line":1,"column":0},"end":{"line":1,"column":28}},"1":{"start":{"line":2,"column":0},"end":{"line":2,"column":40}},"2":{"start":{"line":3,"column":0},"end":{"line":3,"column":38}},"3":{"start":{"line":4,"column":0},"end":{"line":4,"column":0}},"4":{"start":{"line":5,"column":0},"end":{"line":5,"column":31}},"5":{"start":{"line":6,"column":0},"end":{"line":6,"column":24}},"6":{"start":{"line":7,"column":0},"end":{"line":7,"column":0}},"7":{"start":{"line":8,"column":0},"end":{"line":8,"column":16}},"8":{"start":{"line":9,"column":0},"end":{"line":9,"column":32}},"9":{"start":{"line":10,"column":0},"end":{"line":10,"column":2}},"10":{"start":{"line":11,"column":0},"end":{"line":11,"column":0}},"11":{"start":{"line":12,"column":0},"end":{"line":12,"column":29}},"12":{"start":{"line":13,"column":0},"end":{"line":13,"column":25}},"13":{"start":{"line":14,"column":0},"end":{"line":14,"column":2}},"14":{"start":{"line":15,"column":0},"end":{"line":15,"column":1}}},"s":{"0":1,"1":1,"2":1,"3":1,"4":1,"5":1,"6":1,"7":1,"8":2,"9":2,"10":1,"11":1,"12":2,"13":2,"14":1},"branchMap":{"0":{"type":"branch","line":8,"loc":{"start":{"line":8,"column":1},"end":{"line":10,"column":2}},"locations":[{"start":{"line":8,"column":1},"end":{"line":10,"column":2}}]},"1":{"type":"branch","line":12,"loc":{"start":{"line":12,"column":1},"end":{"line":14,"column":2}},"locations":[{"start":{"line":12,"column":1},"end":{"line":14,"column":2}}]}},"b":{"0":[2],"1":[2]},"fnMap":{"0":{"name":"Delivery","decl":{"start":{"line":8,"column":1},"end":{"line":10,"column":2}},"loc":{"start":{"line":8,"column":1},"end":{"line":10,"column":2}},"line":8},"1":{"name":"transaction","decl":{"start":{"line":12,"column":1},"end":{"line":14,"column":2}},"loc":{"start":{"line":12,"column":1},"end":{"line":14,"column":2}},"line":12}},"f":{"0":2,"1":2}}
,"/Volumes/SSD/Code/Blastengine/blastengine-node/src/libs/delivery/transaction/base.ts": {"path":"/Volumes/SSD/Code/Blastengine/blastengine-node/src/libs/delivery/transaction/base.ts","all":false,"statementMap":{"0":{"start":{"line":1,"column":0},"end":{"line":1,"column":68}},"1":{"start":{"line":2,"column":0},"end":{"line":2,"column":31}},"2":{"start":{"line":3,"column":0},"end":{"line":3,"column":27}},"3":{"start":{"line":4,"column":0},"end":{"line":4,"column":43}},"4":{"start":{"line":5,"column":0},"end":{"line":5,"column":0}},"5":{"start":{"line":6,"column":0},"end":{"line":6,"column":27}},"6":{"start":{"line":7,"column":0},"end":{"line":7,"column":24}},"7":{"start":{"line":8,"column":0},"end":{"line":8,"column":22}},"8":{"start":{"line":9,"column":0},"end":{"line":9,"column":23}},"9":{"start":{"line":10,"column":0},"end":{"line":10,"column":21}},"10":{"start":{"line":11,"column":0},"end":{"line":11,"column":25}},"11":{"start":{"line":12,"column":0},"end":{"line":12,"column":23}},"12":{"start":{"line":13,"column":0},"end":{"line":13,"column":23}},"13":{"start":{"line":14,"column":0},"end":{"line":14,"column":21}},"14":{"start":{"line":15,"column":0},"end":{"line":15,"column":39}},"15":{"start":{"line":16,"column":0},"end":{"line":16,"column":0}},"16":{"start":{"line":17,"column":0},"end":{"line":17,"column":44}},"17":{"start":{"line":18,"column":0},"end":{"line":18,"column":25}},"18":{"start":{"line":19,"column":0},"end":{"line":19,"column":14}},"19":{"start":{"line":20,"column":0},"end":{"line":20,"column":2}},"20":{"start":{"line":21,"column":0},"end":{"line":21,"column":0}},"21":{"start":{"line":22,"column":0},"end":{"line":22,"column":50}},"22":{"start":{"line":23,"column":0},"end":{"line":23,"column":25}},"23":{"start":{"line":24,"column":0},"end":{"line":24,"column":23}},"24":{"start":{"line":25,"column":0},"end":{"line":25,"column":14}},"25":{"start":{"line":26,"column":0},"end":{"line":26,"column":2}},"26":{"start":{"line":27,"column":0},"end":{"line":27,"column":0}},"27":{"start":{"line":28,"column":0},"end":{"line":28,"column":42}},"28":{"start":{"line":29,"column":0},"end":{"line":29,"column":23}},"29":{"start":{"line":30,"column":0},"end":{"line":30,"column":14}},"30":{"start":{"line":31,"column":0},"end":{"line":31,"column":2}},"31":{"start":{"line":32,"column":0},"end":{"line":32,"column":0}},"32":{"start":{"line":33,"column":0},"end":{"line":33,"column":38}},"33":{"start":{"line":34,"column":0},"end":{"line":34,"column":24}},"34":{"start":{"line":35,"column":0},"end":{"line":35,"column":14}},"35":{"start":{"line":36,"column":0},"end":{"line":36,"column":2}},"36":{"start":{"line":37,"column":0},"end":{"line":37,"column":0}},"37":{"start":{"line":38,"column":0},"end":{"line":38,"column":38}},"38":{"start":{"line":39,"column":0},"end":{"line":39,"column":24}},"39":{"start":{"line":40,"column":0},"end":{"line":40,"column":14}},"40":{"start":{"line":41,"column":0},"end":{"line":41,"column":2}},"41":{"start":{"line":42,"column":0},"end":{"line":42,"column":0}},"42":{"start":{"line":43,"column":0},"end":{"line":43,"column":48}},"43":{"start":{"line":44,"column":0},"end":{"line":44,"column":30}},"44":{"start":{"line":45,"column":0},"end":{"line":45,"column":14}},"45":{"start":{"line":46,"column":0},"end":{"line":46,"column":2}},"46":{"start":{"line":47,"column":0},"end":{"line":47,"column":0}},"47":{"start":{"line":48,"column":0},"end":{"line":48,"column":61}},"48":{"start":{"line":49,"column":0},"end":{"line":49,"column":33}},"49":{"start":{"line":50,"column":0},"end":{"line":50,"column":14}},"50":{"start":{"line":51,"column":0},"end":{"line":51,"column":28}},"51":{"start":{"line":52,"column":0},"end":{"line":52,"column":15}},"52":{"start":{"line":53,"column":0},"end":{"line":53,"column":29}},"53":{"start":{"line":54,"column":0},"end":{"line":54,"column":14}},"54":{"start":{"line":55,"column":0},"end":{"line":55,"column":28}},"55":{"start":{"line":56,"column":0},"end":{"line":56,"column":17}},"56":{"start":{"line":57,"column":0},"end":{"line":57,"column":31}},"57":{"start":{"line":58,"column":0},"end":{"line":58,"column":16}},"58":{"start":{"line":59,"column":0},"end":{"line":59,"column":30}},"59":{"start":{"line":60,"column":0},"end":{"line":60,"column":11}},"60":{"start":{"line":61,"column":0},"end":{"line":61,"column":38}},"61":{"start":{"line":62,"column":0},"end":{"line":62,"column":3}},"62":{"start":{"line":63,"column":0},"end":{"line":63,"column":2}},"63":{"start":{"line":64,"column":0},"end":{"line":64,"column":0}},"64":{"start":{"line":65,"column":0},"end":{"line":65,"column":89}},"65":{"start":{"line":66,"column":0},"end":{"line":66,"column":7}},"66":{"start":{"line":67,"column":0},"end":{"line":67,"column":48}},"67":{"start":{"line":68,"column":0},"end":{"line":68,"column":10}},"68":{"start":{"line":69,"column":0},"end":{"line":69,"column":58}},"69":{"start":{"line":70,"column":0},"end":{"line":70,"column":37}},"70":{"start":{"line":71,"column":0},"end":{"line":71,"column":59}},"71":{"start":{"line":72,"column":0},"end":{"line":72,"column":37}},"72":{"start":{"line":73,"column":0},"end":{"line":73,"column":11}},"73":{"start":{"line":74,"column":0},"end":{"line":74,"column":53}},"74":{"start":{"line":75,"column":0},"end":{"line":75,"column":37}},"75":{"start":{"line":76,"column":0},"end":{"line":76,"column":4}},"76":{"start":{"line":77,"column":0},"end":{"line":77,"column":20}},"77":{"start":{"line":78,"column":0},"end":{"line":78,"column":20}},"78":{"start":{"line":79,"column":0},"end":{"line":79,"column":25}},"79":{"start":{"line":80,"column":0},"end":{"line":80,"column":26}},"80":{"start":{"line":81,"column":0},"end":{"line":81,"column":4}},"81":{"start":{"line":82,"column":0},"end":{"line":82,"column":11}},"82":{"start":{"line":83,"column":0},"end":{"line":83,"column":3}},"83":{"start":{"line":84,"column":0},"end":{"line":84,"column":2}},"84":{"start":{"line":85,"column":0},"end":{"line":85,"column":0}},"85":{"start":{"line":86,"column":0},"end":{"line":86,"column":97}},"86":{"start":{"line":87,"column":0},"end":{"line":87,"column":16}},"87":{"start":{"line":88,"column":0},"end":{"line":88,"column":16}},"88":{"start":{"line":89,"column":0},"end":{"line":89,"column":44}},"89":{"start":{"line":90,"column":0},"end":{"line":90,"column":2}},"90":{"start":{"line":91,"column":0},"end":{"line":91,"column":0}},"91":{"start":{"line":92,"column":0},"end":{"line":92,"column":103}},"92":{"start":{"line":93,"column":0},"end":{"line":93,"column":40}},"93":{"start":{"line":94,"column":0},"end":{"line":94,"column":32}},"94":{"start":{"line":95,"column":0},"end":{"line":95,"column":3}},"95":{"start":{"line":96,"column":0},"end":{"line":96,"column":15}},"96":{"start":{"line":97,"column":0},"end":{"line":97,"column":10}},"97":{"start":{"line":98,"column":0},"end":{"line":98,"column":93}},"98":{"start":{"line":99,"column":0},"end":{"line":99,"column":3}},"99":{"start":{"line":100,"column":0},"end":{"line":100,"column":16}},"100":{"start":{"line":101,"column":0},"end":{"line":101,"column":17}},"101":{"start":{"line":102,"column":0},"end":{"line":102,"column":2}},"102":{"start":{"line":103,"column":0},"end":{"line":103,"column":1}}},"s":{"0":1,"1":1,"2":1,"3":1,"4":1,"5":7,"6":7,"7":7,"8":7,"9":7,"10":7,"11":7,"12":7,"13":7,"14":7,"15":7,"16":7,"17":5,"18":5,"19":5,"20":7,"21":7,"22":5,"23":5,"24":5,"25":5,"26":7,"27":7,"28":0,"29":0,"30":0,"31":7,"32":7,"33":5,"34":5,"35":5,"36":7,"37":7,"38":0,"39":0,"40":0,"41":7,"42":7,"43":2,"44":2,"45":2,"46":7,"47":7,"48":10,"49":10,"50":0,"51":10,"52":5,"53":10,"54":2,"55":10,"56":2,"57":10,"58":1,"59":10,"60":0,"61":10,"62":10,"63":7,"64":7,"65":10,"66":10,"67":10,"68":10,"69":10,"70":1,"71":1,"72":9,"73":9,"74":9,"75":9,"76":10,"77":0,"78":0,"79":0,"80":0,"81":0,"82":0,"83":10,"84":7,"85":7,"86":9,"87":9,"88":9,"89":9,"90":7,"91":7,"92":1,"93":2,"94":2,"95":1,"96":1,"97":1,"98":1,"99":1,"100":1,"101":1,"102":7},"branchMap":{"0":{"type":"branch","line":6,"loc":{"start":{"line":6,"column":0},"end":{"line":103,"column":1}},"locations":[{"start":{"line":6,"column":0},"end":{"line":103,"column":1}}]},"1":{"type":"branch","line":17,"loc":{"start":{"line":17,"column":1},"end":{"line":20,"column":2}},"locations":[{"start":{"line":17,"column":1},"end":{"line":20,"column":2}}]},"2":{"type":"branch","line":22,"loc":{"start":{"line":22,"column":1},"end":{"line":26,"column":2}},"locations":[{"start":{"line":22,"column":1},"end":{"line":26,"column":2}}]},"3":{"type":"branch","line":33,"loc":{"start":{"line":33,"column":1},"end":{"line":36,"column":2}},"locations":[{"start":{"line":33,"column":1},"end":{"line":36,"column":2}}]},"4":{"type":"branch","line":43,"loc":{"start":{"line":43,"column":1},"end":{"line":46,"column":2}},"locations":[{"start":{"line":43,"column":1},"end":{"line":46,"column":2}}]},"5":{"type":"branch","line":48,"loc":{"start":{"line":48,"column":1},"end":{"line":63,"column":2}},"locations":[{"start":{"line":48,"column":1},"end":{"line":63,"column":2}}]},"6":{"type":"branch","line":50,"loc":{"start":{"line":50,"column":3},"end":{"line":51,"column":28}},"locations":[{"start":{"line":50,"column":3},"end":{"line":51,"column":28}}]},"7":{"type":"branch","line":52,"loc":{"start":{"line":52,"column":3},"end":{"line":53,"column":29}},"locations":[{"start":{"line":52,"column":3},"end":{"line":53,"column":29}}]},"8":{"type":"branch","line":54,"loc":{"start":{"line":54,"column":3},"end":{"line":55,"column":28}},"locations":[{"start":{"line":54,"column":3},"end":{"line":55,"column":28}}]},"9":{"type":"branch","line":56,"loc":{"start":{"line":56,"column":3},"end":{"line":57,"column":31}},"locations":[{"start":{"line":56,"column":3},"end":{"line":57,"column":31}}]},"10":{"type":"branch","line":58,"loc":{"start":{"line":58,"column":3},"end":{"line":59,"column":30}},"locations":[{"start":{"line":58,"column":3},"end":{"line":59,"column":30}}]},"11":{"type":"branch","line":60,"loc":{"start":{"line":60,"column":3},"end":{"line":61,"column":38}},"locations":[{"start":{"line":60,"column":3},"end":{"line":61,"column":38}}]},"12":{"type":"branch","line":65,"loc":{"start":{"line":65,"column":7},"end":{"line":84,"column":2}},"locations":[{"start":{"line":65,"column":7},"end":{"line":84,"column":2}}]},"13":{"type":"branch","line":69,"loc":{"start":{"line":69,"column":47},"end":{"line":69,"column":49}},"locations":[{"start":{"line":69,"column":47},"end":{"line":69,"column":49}}]},"14":{"type":"branch","line":70,"loc":{"start":{"line":70,"column":36},"end":{"line":76,"column":4}},"locations":[{"start":{"line":70,"column":36},"end":{"line":76,"column":4}}]},"15":{"type":"branch","line":70,"loc":{"start":{"line":70,"column":36},"end":{"line":73,"column":10}},"locations":[{"start":{"line":70,"column":36},"end":{"line":73,"column":10}}]},"16":{"type":"branch","line":77,"loc":{"start":{"line":77,"column":4},"end":{"line":83,"column":3}},"locations":[{"start":{"line":77,"column":4},"end":{"line":83,"column":3}}]},"17":{"type":"branch","line":86,"loc":{"start":{"line":86,"column":7},"end":{"line":90,"column":2}},"locations":[{"start":{"line":86,"column":7},"end":{"line":90,"column":2}}]},"18":{"type":"branch","line":92,"loc":{"start":{"line":92,"column":7},"end":{"line":102,"column":2}},"locations":[{"start":{"line":92,"column":7},"end":{"line":102,"column":2}}]},"19":{"type":"branch","line":93,"loc":{"start":{"line":93,"column":39},"end":{"line":95,"column":3}},"locations":[{"start":{"line":93,"column":39},"end":{"line":95,"column":3}}]}},"b":{"0":[7],"1":[5],"2":[5],"3":[5],"4":[2],"5":[10],"6":[0],"7":[5],"8":[2],"9":[2],"10":[1],"11":[0],"12":[10],"13":[0],"14":[9],"15":[1],"16":[0],"17":[9],"18":[1],"19":[2]},"fnMap":{"0":{"name":"Base","decl":{"start":{"line":6,"column":0},"end":{"line":103,"column":1}},"loc":{"start":{"line":6,"column":0},"end":{"line":103,"column":1}},"line":6},"1":{"name":"setSubject","decl":{"start":{"line":17,"column":1},"end":{"line":20,"column":2}},"loc":{"start":{"line":17,"column":1},"end":{"line":20,"column":2}},"line":17},"2":{"name":"setFrom","decl":{"start":{"line":22,"column":1},"end":{"line":26,"column":2}},"loc":{"start":{"line":22,"column":1},"end":{"line":26,"column":2}},"line":22},"3":{"name":"setEncode","decl":{"start":{"line":28,"column":1},"end":{"line":31,"column":2}},"loc":{"start":{"line":28,"column":1},"end":{"line":31,"column":2}},"line":28},"4":{"name":"setText","decl":{"start":{"line":33,"column":1},"end":{"line":36,"column":2}},"loc":{"start":{"line":33,"column":1},"end":{"line":36,"column":2}},"line":33},"5":{"name":"setHtml","decl":{"start":{"line":38,"column":1},"end":{"line":41,"column":2}},"loc":{"start":{"line":38,"column":1},"end":{"line":41,"column":2}},"line":38},"6":{"name":"addAttachment","decl":{"start":{"line":43,"column":1},"end":{"line":46,"column":2}},"loc":{"start":{"line":43,"column":1},"end":{"line":46,"column":2}},"line":43},"7":{"name":"getRequest","decl":{"start":{"line":48,"column":1},"end":{"line":63,"column":2}},"loc":{"start":{"line":48,"column":1},"end":{"line":63,"column":2}},"line":48},"8":{"name":"req","decl":{"start":{"line":65,"column":7},"end":{"line":84,"column":2}},"loc":{"start":{"line":65,"column":7},"end":{"line":84,"column":2}},"line":65},"9":{"name":"sendJson","decl":{"start":{"line":86,"column":7},"end":{"line":90,"column":2}},"loc":{"start":{"line":86,"column":7},"end":{"line":90,"column":2}},"line":86},"10":{"name":"sendAttachment","decl":{"start":{"line":92,"column":7},"end":{"line":102,"column":2}},"loc":{"start":{"line":92,"column":7},"end":{"line":102,"column":2}},"line":92}},"f":{"0":7,"1":5,"2":5,"3":0,"4":5,"5":0,"6":2,"7":10,"8":10,"9":9,"10":1}}
,"/Volumes/SSD/Code/Blastengine/blastengine-node/src/libs/delivery/transaction/index.ts": {"path":"/Volumes/SSD/Code/Blastengine/blastengine-node/src/libs/delivery/transaction/index.ts","all":false,"statementMap":{"0":{"start":{"line":1,"column":0},"end":{"line":1,"column":33}},"1":{"start":{"line":2,"column":0},"end":{"line":2,"column":31}},"2":{"start":{"line":3,"column":0},"end":{"line":3,"column":27}},"3":{"start":{"line":4,"column":0},"end":{"line":4,"column":26}},"4":{"start":{"line":5,"column":0},"end":{"line":5,"column":0}},"5":{"start":{"line":6,"column":0},"end":{"line":6,"column":47}},"6":{"start":{"line":7,"column":0},"end":{"line":7,"column":16}},"7":{"start":{"line":8,"column":0},"end":{"line":8,"column":66}},"8":{"start":{"line":9,"column":0},"end":{"line":9,"column":1}},"9":{"start":{"line":10,"column":0},"end":{"line":10,"column":48}},"10":{"start":{"line":11,"column":0},"end":{"line":11,"column":29}},"11":{"start":{"line":12,"column":0},"end":{"line":12,"column":27}},"12":{"start":{"line":13,"column":0},"end":{"line":13,"column":3}},"13":{"start":{"line":14,"column":0},"end":{"line":14,"column":18}},"14":{"start":{"line":15,"column":0},"end":{"line":15,"column":14}},"15":{"start":{"line":16,"column":0},"end":{"line":16,"column":2}},"16":{"start":{"line":17,"column":0},"end":{"line":17,"column":0}},"17":{"start":{"line":18,"column":0},"end":{"line":18,"column":37}},"18":{"start":{"line":19,"column":0},"end":{"line":19,"column":10}},"19":{"start":{"line":20,"column":0},"end":{"line":20,"column":10}},"20":{"start":{"line":21,"column":0},"end":{"line":21,"column":26}},"21":{"start":{"line":22,"column":0},"end":{"line":22,"column":23}},"22":{"start":{"line":23,"column":0},"end":{"line":23,"column":5}},"23":{"start":{"line":24,"column":0},"end":{"line":24,"column":15}},"24":{"start":{"line":25,"column":0},"end":{"line":25,"column":25}},"25":{"start":{"line":26,"column":0},"end":{"line":26,"column":23}},"26":{"start":{"line":27,"column":0},"end":{"line":27,"column":29}},"27":{"start":{"line":28,"column":0},"end":{"line":28,"column":29}},"28":{"start":{"line":29,"column":0},"end":{"line":29,"column":4}},"29":{"start":{"line":30,"column":0},"end":{"line":30,"column":2}},"30":{"start":{"line":31,"column":0},"end":{"line":31,"column":0}},"31":{"start":{"line":32,"column":0},"end":{"line":32,"column":82}},"32":{"start":{"line":33,"column":0},"end":{"line":33,"column":52}},"33":{"start":{"line":34,"column":0},"end":{"line":34,"column":2}},"34":{"start":{"line":35,"column":0},"end":{"line":35,"column":1}}},"s":{"0":1,"1":1,"2":1,"3":1,"4":1,"5":2,"6":2,"7":2,"8":2,"9":2,"10":2,"11":0,"12":0,"13":2,"14":2,"15":2,"16":2,"17":2,"18":2,"19":2,"20":2,"21":2,"22":2,"23":2,"24":2,"25":2,"26":2,"27":2,"28":2,"29":2,"30":2,"31":2,"32":2,"33":2,"34":2},"branchMap":{"0":{"type":"branch","line":6,"loc":{"start":{"line":6,"column":0},"end":{"line":35,"column":1}},"locations":[{"start":{"line":6,"column":0},"end":{"line":35,"column":1}}]},"1":{"type":"branch","line":10,"loc":{"start":{"line":10,"column":1},"end":{"line":16,"column":2}},"locations":[{"start":{"line":10,"column":1},"end":{"line":16,"column":2}}]},"2":{"type":"branch","line":11,"loc":{"start":{"line":11,"column":28},"end":{"line":13,"column":3}},"locations":[{"start":{"line":11,"column":28},"end":{"line":13,"column":3}}]},"3":{"type":"branch","line":18,"loc":{"start":{"line":18,"column":1},"end":{"line":30,"column":2}},"locations":[{"start":{"line":18,"column":1},"end":{"line":30,"column":2}}]},"4":{"type":"branch","line":32,"loc":{"start":{"line":32,"column":7},"end":{"line":34,"column":2}},"locations":[{"start":{"line":32,"column":7},"end":{"line":34,"column":2}}]}},"b":{"0":[2],"1":[2],"2":[0],"3":[2],"4":[2]},"fnMap":{"0":{"name":"Transaction","decl":{"start":{"line":6,"column":0},"end":{"line":35,"column":1}},"loc":{"start":{"line":6,"column":0},"end":{"line":35,"column":1}},"line":6},"1":{"name":"setTo","decl":{"start":{"line":10,"column":1},"end":{"line":16,"column":2}},"loc":{"start":{"line":10,"column":1},"end":{"line":16,"column":2}},"line":10},"2":{"name":"params","decl":{"start":{"line":18,"column":1},"end":{"line":30,"column":2}},"loc":{"start":{"line":18,"column":1},"end":{"line":30,"column":2}},"line":18},"3":{"name":"send","decl":{"start":{"line":32,"column":7},"end":{"line":34,"column":2}},"loc":{"start":{"line":32,"column":7},"end":{"line":34,"column":2}},"line":32}},"f":{"0":2,"1":2,"2":2,"3":2}}
,"/Volumes/SSD/Code/Blastengine/blastengine-node/src/libs/delivery/transaction/bulk/index.ts": {"path":"/Volumes/SSD/Code/Blastengine/blastengine-node/src/libs/delivery/transaction/bulk/index.ts","all":false,"statementMap":{"0":{"start":{"line":1,"column":0},"end":{"line":1,"column":34}},"1":{"start":{"line":2,"column":0},"end":{"line":2,"column":27}},"2":{"start":{"line":3,"column":0},"end":{"line":3,"column":32}},"3":{"start":{"line":4,"column":0},"end":{"line":4,"column":0}},"4":{"start":{"line":5,"column":0},"end":{"line":5,"column":40}},"5":{"start":{"line":6,"column":0},"end":{"line":6,"column":22}},"6":{"start":{"line":7,"column":0},"end":{"line":7,"column":25}},"7":{"start":{"line":8,"column":0},"end":{"line":8,"column":13}},"8":{"start":{"line":9,"column":0},"end":{"line":9,"column":0}},"9":{"start":{"line":10,"column":0},"end":{"line":10,"column":43}},"10":{"start":{"line":11,"column":0},"end":{"line":11,"column":65}},"11":{"start":{"line":12,"column":0},"end":{"line":12,"column":61}},"12":{"start":{"line":13,"column":0},"end":{"line":13,"column":37}},"13":{"start":{"line":14,"column":0},"end":{"line":14,"column":13}},"14":{"start":{"line":15,"column":0},"end":{"line":15,"column":2}},"15":{"start":{"line":16,"column":0},"end":{"line":16,"column":0}},"16":{"start":{"line":17,"column":0},"end":{"line":17,"column":41}},"17":{"start":{"line":18,"column":0},"end":{"line":18,"column":59}},"18":{"start":{"line":19,"column":0},"end":{"line":19,"column":87}},"19":{"start":{"line":20,"column":0},"end":{"line":20,"column":62}},"20":{"start":{"line":21,"column":0},"end":{"line":21,"column":13}},"21":{"start":{"line":22,"column":0},"end":{"line":22,"column":2}},"22":{"start":{"line":23,"column":0},"end":{"line":23,"column":0}},"23":{"start":{"line":24,"column":0},"end":{"line":24,"column":50}},"24":{"start":{"line":25,"column":0},"end":{"line":25,"column":14}},"25":{"start":{"line":26,"column":0},"end":{"line":26,"column":19}},"26":{"start":{"line":27,"column":0},"end":{"line":27,"column":42}},"27":{"start":{"line":28,"column":0},"end":{"line":28,"column":3}},"28":{"start":{"line":29,"column":0},"end":{"line":29,"column":19}},"29":{"start":{"line":30,"column":0},"end":{"line":30,"column":59}},"30":{"start":{"line":31,"column":0},"end":{"line":31,"column":87}},"31":{"start":{"line":32,"column":0},"end":{"line":32,"column":64}},"32":{"start":{"line":33,"column":0},"end":{"line":33,"column":13}},"33":{"start":{"line":34,"column":0},"end":{"line":34,"column":2}},"34":{"start":{"line":35,"column":0},"end":{"line":35,"column":0}},"35":{"start":{"line":36,"column":0},"end":{"line":36,"column":41}},"36":{"start":{"line":37,"column":0},"end":{"line":37,"column":59}},"37":{"start":{"line":38,"column":0},"end":{"line":38,"column":75}},"38":{"start":{"line":39,"column":0},"end":{"line":39,"column":44}},"39":{"start":{"line":40,"column":0},"end":{"line":40,"column":13}},"40":{"start":{"line":41,"column":0},"end":{"line":41,"column":2}},"41":{"start":{"line":42,"column":0},"end":{"line":42,"column":0}},"42":{"start":{"line":43,"column":0},"end":{"line":43,"column":69}},"43":{"start":{"line":44,"column":0},"end":{"line":44,"column":41}},"44":{"start":{"line":45,"column":0},"end":{"line":45,"column":19}},"45":{"start":{"line":46,"column":0},"end":{"line":46,"column":35}},"46":{"start":{"line":47,"column":0},"end":{"line":47,"column":36}},"47":{"start":{"line":48,"column":0},"end":{"line":48,"column":11}},"48":{"start":{"line":49,"column":0},"end":{"line":49,"column":38}},"49":{"start":{"line":50,"column":0},"end":{"line":50,"column":4}},"50":{"start":{"line":51,"column":0},"end":{"line":51,"column":3}},"51":{"start":{"line":52,"column":0},"end":{"line":52,"column":23}},"52":{"start":{"line":53,"column":0},"end":{"line":53,"column":14}},"53":{"start":{"line":54,"column":0},"end":{"line":54,"column":2}},"54":{"start":{"line":55,"column":0},"end":{"line":55,"column":0}},"55":{"start":{"line":56,"column":0},"end":{"line":56,"column":39}},"56":{"start":{"line":57,"column":0},"end":{"line":57,"column":10}},"57":{"start":{"line":58,"column":0},"end":{"line":58,"column":10}},"58":{"start":{"line":59,"column":0},"end":{"line":59,"column":26}},"59":{"start":{"line":60,"column":0},"end":{"line":60,"column":23}},"60":{"start":{"line":61,"column":0},"end":{"line":61,"column":5}},"61":{"start":{"line":62,"column":0},"end":{"line":62,"column":25}},"62":{"start":{"line":63,"column":0},"end":{"line":63,"column":23}},"63":{"start":{"line":64,"column":0},"end":{"line":64,"column":29}},"64":{"start":{"line":65,"column":0},"end":{"line":65,"column":29}},"65":{"start":{"line":66,"column":0},"end":{"line":66,"column":4}},"66":{"start":{"line":67,"column":0},"end":{"line":67,"column":2}},"67":{"start":{"line":68,"column":0},"end":{"line":68,"column":0}},"68":{"start":{"line":69,"column":0},"end":{"line":69,"column":42}},"69":{"start":{"line":70,"column":0},"end":{"line":70,"column":10}},"70":{"start":{"line":71,"column":0},"end":{"line":71,"column":10}},"71":{"start":{"line":72,"column":0},"end":{"line":72,"column":26}},"72":{"start":{"line":73,"column":0},"end":{"line":73,"column":23}},"73":{"start":{"line":74,"column":0},"end":{"line":74,"column":5}},"74":{"start":{"line":75,"column":0},"end":{"line":75,"column":25}},"75":{"start":{"line":76,"column":0},"end":{"line":76,"column":15}},"76":{"start":{"line":77,"column":0},"end":{"line":77,"column":29}},"77":{"start":{"line":78,"column":0},"end":{"line":78,"column":29}},"78":{"start":{"line":79,"column":0},"end":{"line":79,"column":4}},"79":{"start":{"line":80,"column":0},"end":{"line":80,"column":2}},"80":{"start":{"line":81,"column":0},"end":{"line":81,"column":0}},"81":{"start":{"line":82,"column":0},"end":{"line":82,"column":42}},"82":{"start":{"line":83,"column":0},"end":{"line":83,"column":27}},"83":{"start":{"line":84,"column":0},"end":{"line":84,"column":10}},"84":{"start":{"line":85,"column":0},"end":{"line":85,"column":79}},"85":{"start":{"line":86,"column":0},"end":{"line":86,"column":3}},"86":{"start":{"line":87,"column":0},"end":{"line":87,"column":2}},"87":{"start":{"line":88,"column":0},"end":{"line":88,"column":1}}},"s":{"0":1,"1":1,"2":1,"3":1,"4":5,"5":5,"6":5,"7":5,"8":5,"9":5,"10":3,"11":3,"12":3,"13":3,"14":3,"15":5,"16":5,"17":2,"18":2,"19":2,"20":2,"21":2,"22":5,"23":5,"24":1,"25":1,"26":1,"27":1,"28":1,"29":1,"30":1,"31":1,"32":1,"33":1,"34":5,"35":5,"36":2,"37":2,"38":2,"39":2,"40":2,"41":5,"42":5,"43":3,"44":3,"45":3,"46":0,"47":3,"48":3,"49":3,"50":3,"51":3,"52":3,"53":3,"54":5,"55":5,"56":3,"57":3,"58":3,"59":3,"60":3,"61":3,"62":3,"63":3,"64":3,"65":3,"66":3,"67":5,"68":5,"69":2,"70":2,"71":2,"72":2,"73":2,"74":2,"75":2,"76":2,"77":2,"78":2,"79":2,"80":5,"81":5,"82":1,"83":1,"84":1,"85":1,"86":1,"87":5},"branchMap":{"0":{"type":"branch","line":5,"loc":{"start":{"line":5,"column":0},"end":{"line":88,"column":1}},"locations":[{"start":{"line":5,"column":0},"end":{"line":88,"column":1}}]},"1":{"type":"branch","line":10,"loc":{"start":{"line":10,"column":7},"end":{"line":15,"column":2}},"locations":[{"start":{"line":10,"column":7},"end":{"line":15,"column":2}}]},"2":{"type":"branch","line":17,"loc":{"start":{"line":17,"column":7},"end":{"line":22,"column":2}},"locations":[{"start":{"line":17,"column":7},"end":{"line":22,"column":2}}]},"3":{"type":"branch","line":18,"loc":{"start":{"line":18,"column":25},"end":{"line":18,"column":59}},"locations":[{"start":{"line":18,"column":25},"end":{"line":18,"column":59}}]},"4":{"type":"branch","line":24,"loc":{"start":{"line":24,"column":7},"end":{"line":34,"column":2}},"locations":[{"start":{"line":24,"column":7},"end":{"line":34,"column":2}}]},"5":{"type":"branch","line":30,"loc":{"start":{"line":30,"column":25},"end":{"line":30,"column":59}},"locations":[{"start":{"line":30,"column":25},"end":{"line":30,"column":59}}]},"6":{"type":"branch","line":36,"loc":{"start":{"line":36,"column":7},"end":{"line":41,"column":2}},"locations":[{"start":{"line":36,"column":7},"end":{"line":41,"column":2}}]},"7":{"type":"branch","line":37,"loc":{"start":{"line":37,"column":25},"end":{"line":37,"column":59}},"locations":[{"start":{"line":37,"column":25},"end":{"line":37,"column":59}}]},"8":{"type":"branch","line":43,"loc":{"start":{"line":43,"column":1},"end":{"line":54,"column":2}},"locations":[{"start":{"line":43,"column":1},"end":{"line":54,"column":2}}]},"9":{"type":"branch","line":46,"loc":{"start":{"line":46,"column":34},"end":{"line":48,"column":10}},"locations":[{"start":{"line":46,"column":34},"end":{"line":48,"column":10}}]},"10":{"type":"branch","line":56,"loc":{"start":{"line":56,"column":1},"end":{"line":67,"column":2}},"locations":[{"start":{"line":56,"column":1},"end":{"line":67,"column":2}}]},"11":{"type":"branch","line":69,"loc":{"start":{"line":69,"column":1},"end":{"line":80,"column":2}},"locations":[{"start":{"line":69,"column":1},"end":{"line":80,"column":2}}]},"12":{"type":"branch","line":82,"loc":{"start":{"line":82,"column":1},"end":{"line":87,"column":2}},"locations":[{"start":{"line":82,"column":1},"end":{"line":87,"column":2}}]}},"b":{"0":[5],"1":[3],"2":[2],"3":[0],"4":[1],"5":[0],"6":[2],"7":[0],"8":[3],"9":[0],"10":[3],"11":[2],"12":[1]},"fnMap":{"0":{"name":"Bulk","decl":{"start":{"line":5,"column":0},"end":{"line":88,"column":1}},"loc":{"start":{"line":5,"column":0},"end":{"line":88,"column":1}},"line":5},"1":{"name":"register","decl":{"start":{"line":10,"column":7},"end":{"line":15,"column":2}},"loc":{"start":{"line":10,"column":7},"end":{"line":15,"column":2}},"line":10},"2":{"name":"update","decl":{"start":{"line":17,"column":7},"end":{"line":22,"column":2}},"loc":{"start":{"line":17,"column":7},"end":{"line":22,"column":2}},"line":17},"3":{"name":"send","decl":{"start":{"line":24,"column":7},"end":{"line":34,"column":2}},"loc":{"start":{"line":24,"column":7},"end":{"line":34,"column":2}},"line":24},"4":{"name":"delete","decl":{"start":{"line":36,"column":7},"end":{"line":41,"column":2}},"loc":{"start":{"line":36,"column":7},"end":{"line":41,"column":2}},"line":36},"5":{"name":"setTo","decl":{"start":{"line":43,"column":1},"end":{"line":54,"column":2}},"loc":{"start":{"line":43,"column":1},"end":{"line":54,"column":2}},"line":43},"6":{"name":"saveParams","decl":{"start":{"line":56,"column":1},"end":{"line":67,"column":2}},"loc":{"start":{"line":56,"column":1},"end":{"line":67,"column":2}},"line":56},"7":{"name":"updateParams","decl":{"start":{"line":69,"column":1},"end":{"line":80,"column":2}},"loc":{"start":{"line":69,"column":1},"end":{"line":80,"column":2}},"line":69},"8":{"name":"commitParams","decl":{"start":{"line":82,"column":1},"end":{"line":87,"column":2}},"loc":{"start":{"line":82,"column":1},"end":{"line":87,"column":2}},"line":82}},"f":{"0":5,"1":3,"2":2,"3":1,"4":2,"5":3,"6":3,"7":2,"8":1}}
}
