{"/Volumes/SSD/Code/Blastengine/blastengine-node/src/index.ts": {"path":"/Volumes/SSD/Code/Blastengine/blastengine-node/src/index.ts","all":false,"statementMap":{"0":{"start":{"line":1,"column":0},"end":{"line":1,"column":28}},"1":{"start":{"line":2,"column":0},"end":{"line":2,"column":40}},"2":{"start":{"line":3,"column":0},"end":{"line":3,"column":52}},"3":{"start":{"line":4,"column":0},"end":{"line":4,"column":0}},"4":{"start":{"line":5,"column":0},"end":{"line":5,"column":29}},"5":{"start":{"line":6,"column":0},"end":{"line":6,"column":13}},"6":{"start":{"line":7,"column":0},"end":{"line":7,"column":13}},"7":{"start":{"line":8,"column":0},"end":{"line":8,"column":12}},"8":{"start":{"line":9,"column":0},"end":{"line":9,"column":0}},"9":{"start":{"line":10,"column":0},"end":{"line":10,"column":21}},"10":{"start":{"line":11,"column":0},"end":{"line":11,"column":13}},"11":{"start":{"line":12,"column":0},"end":{"line":12,"column":0}},"12":{"start":{"line":13,"column":0},"end":{"line":13,"column":46}},"13":{"start":{"line":14,"column":0},"end":{"line":14,"column":23}},"14":{"start":{"line":15,"column":0},"end":{"line":15,"column":23}},"15":{"start":{"line":16,"column":0},"end":{"line":16,"column":23}},"16":{"start":{"line":17,"column":0},"end":{"line":17,"column":25}},"17":{"start":{"line":18,"column":0},"end":{"line":18,"column":21}},"18":{"start":{"line":19,"column":0},"end":{"line":19,"column":31}},"19":{"start":{"line":20,"column":0},"end":{"line":20,"column":23}},"20":{"start":{"line":21,"column":0},"end":{"line":21,"column":2}},"21":{"start":{"line":22,"column":0},"end":{"line":22,"column":0}},"22":{"start":{"line":23,"column":0},"end":{"line":23,"column":15}},"23":{"start":{"line":24,"column":0},"end":{"line":24,"column":18}},"24":{"start":{"line":25,"column":0},"end":{"line":25,"column":2}},"25":{"start":{"line":26,"column":0},"end":{"line":26,"column":0}},"26":{"start":{"line":27,"column":0},"end":{"line":27,"column":18}},"27":{"start":{"line":28,"column":0},"end":{"line":28,"column":45}},"28":{"start":{"line":29,"column":0},"end":{"line":29,"column":24}},"29":{"start":{"line":30,"column":0},"end":{"line":30,"column":25}},"30":{"start":{"line":31,"column":0},"end":{"line":31,"column":24}},"31":{"start":{"line":32,"column":0},"end":{"line":32,"column":19}},"32":{"start":{"line":33,"column":0},"end":{"line":33,"column":21}},"33":{"start":{"line":34,"column":0},"end":{"line":34,"column":32}},"34":{"start":{"line":35,"column":0},"end":{"line":35,"column":24}},"35":{"start":{"line":36,"column":0},"end":{"line":36,"column":2}},"36":{"start":{"line":37,"column":0},"end":{"line":37,"column":1}}},"s":{"0":1,"1":1,"2":1,"3":1,"4":1,"5":1,"6":1,"7":1,"8":1,"9":1,"10":1,"11":1,"12":1,"13":2,"14":2,"15":2,"16":2,"17":2,"18":2,"19":2,"20":2,"21":1,"22":1,"23":3,"24":3,"25":1,"26":1,"27":2,"28":2,"29":2,"30":2,"31":2,"32":2,"33":2,"34":2,"35":2,"36":1},"branchMap":{"0":{"type":"branch","line":13,"loc":{"start":{"line":13,"column":1},"end":{"line":21,"column":2}},"locations":[{"start":{"line":13,"column":1},"end":{"line":21,"column":2}}]},"1":{"type":"branch","line":23,"loc":{"start":{"line":23,"column":1},"end":{"line":25,"column":2}},"locations":[{"start":{"line":23,"column":1},"end":{"line":25,"column":2}}]},"2":{"type":"branch","line":27,"loc":{"start":{"line":27,"column":1},"end":{"line":36,"column":2}},"locations":[{"start":{"line":27,"column":1},"end":{"line":36,"column":2}}]}},"b":{"0":[2],"1":[3],"2":[2]},"fnMap":{"0":{"name":"Client","decl":{"start":{"line":13,"column":1},"end":{"line":21,"column":2}},"loc":{"start":{"line":13,"column":1},"end":{"line":21,"column":2}},"line":13},"1":{"name":"bluk","decl":{"start":{"line":23,"column":1},"end":{"line":25,"column":2}},"loc":{"start":{"line":23,"column":1},"end":{"line":25,"column":2}},"line":23},"2":{"name":"generateToken","decl":{"start":{"line":27,"column":1},"end":{"line":36,"column":2}},"loc":{"start":{"line":27,"column":1},"end":{"line":36,"column":2}},"line":27}},"f":{"0":2,"1":3,"2":2}}
,"/Volumes/SSD/Code/Blastengine/blastengine-node/src/libs/delivery/index.ts": {"path":"/Volumes/SSD/Code/Blastengine/blastengine-node/src/libs/delivery/index.ts","all":false,"statementMap":{"0":{"start":{"line":1,"column":0},"end":{"line":1,"column":28}},"1":{"start":{"line":2,"column":0},"end":{"line":2,"column":40}},"2":{"start":{"line":3,"column":0},"end":{"line":3,"column":38}},"3":{"start":{"line":4,"column":0},"end":{"line":4,"column":0}},"4":{"start":{"line":5,"column":0},"end":{"line":5,"column":31}},"5":{"start":{"line":6,"column":0},"end":{"line":6,"column":24}},"6":{"start":{"line":7,"column":0},"end":{"line":7,"column":0}},"7":{"start":{"line":8,"column":0},"end":{"line":8,"column":16}},"8":{"start":{"line":9,"column":0},"end":{"line":9,"column":32}},"9":{"start":{"line":10,"column":0},"end":{"line":10,"column":2}},"10":{"start":{"line":11,"column":0},"end":{"line":11,"column":0}},"11":{"start":{"line":12,"column":0},"end":{"line":12,"column":29}},"12":{"start":{"line":13,"column":0},"end":{"line":13,"column":25}},"13":{"start":{"line":14,"column":0},"end":{"line":14,"column":2}},"14":{"start":{"line":15,"column":0},"end":{"line":15,"column":1}}},"s":{"0":1,"1":1,"2":1,"3":1,"4":1,"5":1,"6":1,"7":1,"8":2,"9":2,"10":1,"11":1,"12":1,"13":1,"14":1},"branchMap":{"0":{"type":"branch","line":8,"loc":{"start":{"line":8,"column":1},"end":{"line":10,"column":2}},"locations":[{"start":{"line":8,"column":1},"end":{"line":10,"column":2}}]},"1":{"type":"branch","line":12,"loc":{"start":{"line":12,"column":1},"end":{"line":14,"column":2}},"locations":[{"start":{"line":12,"column":1},"end":{"line":14,"column":2}}]}},"b":{"0":[2],"1":[1]},"fnMap":{"0":{"name":"Delivery","decl":{"start":{"line":8,"column":1},"end":{"line":10,"column":2}},"loc":{"start":{"line":8,"column":1},"end":{"line":10,"column":2}},"line":8},"1":{"name":"transaction","decl":{"start":{"line":12,"column":1},"end":{"line":14,"column":2}},"loc":{"start":{"line":12,"column":1},"end":{"line":14,"column":2}},"line":12}},"f":{"0":2,"1":1}}
,"/Volumes/SSD/Code/Blastengine/blastengine-node/src/libs/delivery/transaction/base.ts": {"path":"/Volumes/SSD/Code/Blastengine/blastengine-node/src/libs/delivery/transaction/base.ts","all":false,"statementMap":{"0":{"start":{"line":1,"column":0},"end":{"line":1,"column":56}},"1":{"start":{"line":2,"column":0},"end":{"line":2,"column":31}},"2":{"start":{"line":3,"column":0},"end":{"line":3,"column":27}},"3":{"start":{"line":4,"column":0},"end":{"line":4,"column":43}},"4":{"start":{"line":5,"column":0},"end":{"line":5,"column":0}},"5":{"start":{"line":6,"column":0},"end":{"line":6,"column":27}},"6":{"start":{"line":7,"column":0},"end":{"line":7,"column":24}},"7":{"start":{"line":8,"column":0},"end":{"line":8,"column":22}},"8":{"start":{"line":9,"column":0},"end":{"line":9,"column":23}},"9":{"start":{"line":10,"column":0},"end":{"line":10,"column":21}},"10":{"start":{"line":11,"column":0},"end":{"line":11,"column":25}},"11":{"start":{"line":12,"column":0},"end":{"line":12,"column":23}},"12":{"start":{"line":13,"column":0},"end":{"line":13,"column":23}},"13":{"start":{"line":14,"column":0},"end":{"line":14,"column":21}},"14":{"start":{"line":15,"column":0},"end":{"line":15,"column":1}},"15":{"start":{"line":16,"column":0},"end":{"line":16,"column":44}},"16":{"start":{"line":17,"column":0},"end":{"line":17,"column":25}},"17":{"start":{"line":18,"column":0},"end":{"line":18,"column":14}},"18":{"start":{"line":19,"column":0},"end":{"line":19,"column":2}},"19":{"start":{"line":20,"column":0},"end":{"line":20,"column":0}},"20":{"start":{"line":21,"column":0},"end":{"line":21,"column":50}},"21":{"start":{"line":22,"column":0},"end":{"line":22,"column":25}},"22":{"start":{"line":23,"column":0},"end":{"line":23,"column":23}},"23":{"start":{"line":24,"column":0},"end":{"line":24,"column":14}},"24":{"start":{"line":25,"column":0},"end":{"line":25,"column":2}},"25":{"start":{"line":26,"column":0},"end":{"line":26,"column":0}},"26":{"start":{"line":27,"column":0},"end":{"line":27,"column":42}},"27":{"start":{"line":28,"column":0},"end":{"line":28,"column":23}},"28":{"start":{"line":29,"column":0},"end":{"line":29,"column":14}},"29":{"start":{"line":30,"column":0},"end":{"line":30,"column":2}},"30":{"start":{"line":31,"column":0},"end":{"line":31,"column":0}},"31":{"start":{"line":32,"column":0},"end":{"line":32,"column":38}},"32":{"start":{"line":33,"column":0},"end":{"line":33,"column":24}},"33":{"start":{"line":34,"column":0},"end":{"line":34,"column":14}},"34":{"start":{"line":35,"column":0},"end":{"line":35,"column":2}},"35":{"start":{"line":36,"column":0},"end":{"line":36,"column":0}},"36":{"start":{"line":37,"column":0},"end":{"line":37,"column":38}},"37":{"start":{"line":38,"column":0},"end":{"line":38,"column":24}},"38":{"start":{"line":39,"column":0},"end":{"line":39,"column":14}},"39":{"start":{"line":40,"column":0},"end":{"line":40,"column":2}},"40":{"start":{"line":41,"column":0},"end":{"line":41,"column":0}},"41":{"start":{"line":42,"column":0},"end":{"line":42,"column":61}},"42":{"start":{"line":43,"column":0},"end":{"line":43,"column":33}},"43":{"start":{"line":44,"column":0},"end":{"line":44,"column":14}},"44":{"start":{"line":45,"column":0},"end":{"line":45,"column":28}},"45":{"start":{"line":46,"column":0},"end":{"line":46,"column":15}},"46":{"start":{"line":47,"column":0},"end":{"line":47,"column":29}},"47":{"start":{"line":48,"column":0},"end":{"line":48,"column":14}},"48":{"start":{"line":49,"column":0},"end":{"line":49,"column":28}},"49":{"start":{"line":50,"column":0},"end":{"line":50,"column":17}},"50":{"start":{"line":51,"column":0},"end":{"line":51,"column":31}},"51":{"start":{"line":52,"column":0},"end":{"line":52,"column":16}},"52":{"start":{"line":53,"column":0},"end":{"line":53,"column":30}},"53":{"start":{"line":54,"column":0},"end":{"line":54,"column":11}},"54":{"start":{"line":55,"column":0},"end":{"line":55,"column":38}},"55":{"start":{"line":56,"column":0},"end":{"line":56,"column":3}},"56":{"start":{"line":57,"column":0},"end":{"line":57,"column":2}},"57":{"start":{"line":58,"column":0},"end":{"line":58,"column":0}},"58":{"start":{"line":59,"column":0},"end":{"line":59,"column":88}},"59":{"start":{"line":60,"column":0},"end":{"line":60,"column":7}},"60":{"start":{"line":61,"column":0},"end":{"line":61,"column":47}},"61":{"start":{"line":62,"column":0},"end":{"line":62,"column":28}},"62":{"start":{"line":63,"column":0},"end":{"line":63,"column":17}},"63":{"start":{"line":64,"column":0},"end":{"line":64,"column":57}},"64":{"start":{"line":65,"column":0},"end":{"line":65,"column":45}},"65":{"start":{"line":66,"column":0},"end":{"line":66,"column":36}},"66":{"start":{"line":67,"column":0},"end":{"line":67,"column":20}},"67":{"start":{"line":68,"column":0},"end":{"line":68,"column":25}},"68":{"start":{"line":69,"column":0},"end":{"line":69,"column":26}},"69":{"start":{"line":70,"column":0},"end":{"line":70,"column":4}},"70":{"start":{"line":71,"column":0},"end":{"line":71,"column":11}},"71":{"start":{"line":72,"column":0},"end":{"line":72,"column":3}},"72":{"start":{"line":73,"column":0},"end":{"line":73,"column":2}},"73":{"start":{"line":74,"column":0},"end":{"line":74,"column":1}}},"s":{"0":1,"1":1,"2":1,"3":1,"4":1,"5":6,"6":6,"7":6,"8":6,"9":6,"10":6,"11":6,"12":6,"13":6,"14":6,"15":6,"16":4,"17":4,"18":4,"19":6,"20":6,"21":4,"22":4,"23":4,"24":4,"25":6,"26":6,"27":0,"28":0,"29":0,"30":6,"31":6,"32":4,"33":4,"34":4,"35":6,"36":6,"37":0,"38":0,"39":0,"40":6,"41":6,"42":5,"43":5,"44":0,"45":5,"46":4,"47":5,"48":1,"49":5,"50":0,"51":5,"52":0,"53":5,"54":0,"55":5,"56":5,"57":6,"58":6,"59":5,"60":5,"61":5,"62":5,"63":5,"64":5,"65":4,"66":5,"67":1,"68":1,"69":1,"70":0,"71":0,"72":5,"73":6},"branchMap":{"0":{"type":"branch","line":6,"loc":{"start":{"line":6,"column":0},"end":{"line":74,"column":1}},"locations":[{"start":{"line":6,"column":0},"end":{"line":74,"column":1}}]},"1":{"type":"branch","line":16,"loc":{"start":{"line":16,"column":1},"end":{"line":19,"column":2}},"locations":[{"start":{"line":16,"column":1},"end":{"line":19,"column":2}}]},"2":{"type":"branch","line":21,"loc":{"start":{"line":21,"column":1},"end":{"line":25,"column":2}},"locations":[{"start":{"line":21,"column":1},"end":{"line":25,"column":2}}]},"3":{"type":"branch","line":32,"loc":{"start":{"line":32,"column":1},"end":{"line":35,"column":2}},"locations":[{"start":{"line":32,"column":1},"end":{"line":35,"column":2}}]},"4":{"type":"branch","line":42,"loc":{"start":{"line":42,"column":1},"end":{"line":57,"column":2}},"locations":[{"start":{"line":42,"column":1},"end":{"line":57,"column":2}}]},"5":{"type":"branch","line":44,"loc":{"start":{"line":44,"column":3},"end":{"line":45,"column":28}},"locations":[{"start":{"line":44,"column":3},"end":{"line":45,"column":28}}]},"6":{"type":"branch","line":46,"loc":{"start":{"line":46,"column":3},"end":{"line":47,"column":29}},"locations":[{"start":{"line":46,"column":3},"end":{"line":47,"column":29}}]},"7":{"type":"branch","line":48,"loc":{"start":{"line":48,"column":3},"end":{"line":49,"column":28}},"locations":[{"start":{"line":48,"column":3},"end":{"line":49,"column":28}}]},"8":{"type":"branch","line":50,"loc":{"start":{"line":50,"column":3},"end":{"line":51,"column":31}},"locations":[{"start":{"line":50,"column":3},"end":{"line":51,"column":31}}]},"9":{"type":"branch","line":52,"loc":{"start":{"line":52,"column":3},"end":{"line":53,"column":30}},"locations":[{"start":{"line":52,"column":3},"end":{"line":53,"column":30}}]},"10":{"type":"branch","line":54,"loc":{"start":{"line":54,"column":3},"end":{"line":55,"column":38}},"locations":[{"start":{"line":54,"column":3},"end":{"line":55,"column":38}}]},"11":{"type":"branch","line":59,"loc":{"start":{"line":59,"column":7},"end":{"line":73,"column":2}},"locations":[{"start":{"line":59,"column":7},"end":{"line":73,"column":2}}]},"12":{"type":"branch","line":64,"loc":{"start":{"line":64,"column":47},"end":{"line":64,"column":49}},"locations":[{"start":{"line":64,"column":47},"end":{"line":64,"column":49}}]},"13":{"type":"branch","line":66,"loc":{"start":{"line":66,"column":-1},"end":{"line":67,"column":11}},"locations":[{"start":{"line":66,"column":-1},"end":{"line":67,"column":11}}]},"14":{"type":"branch","line":67,"loc":{"start":{"line":67,"column":4},"end":{"line":72,"column":3}},"locations":[{"start":{"line":67,"column":4},"end":{"line":72,"column":3}}]},"15":{"type":"branch","line":71,"loc":{"start":{"line":71,"column":-1},"end":{"line":72,"column":3}},"locations":[{"start":{"line":71,"column":-1},"end":{"line":72,"column":3}}]}},"b":{"0":[6],"1":[4],"2":[4],"3":[4],"4":[5],"5":[0],"6":[4],"7":[1],"8":[0],"9":[0],"10":[0],"11":[5],"12":[0],"13":[4],"14":[1],"15":[0]},"fnMap":{"0":{"name":"Base","decl":{"start":{"line":6,"column":0},"end":{"line":74,"column":1}},"loc":{"start":{"line":6,"column":0},"end":{"line":74,"column":1}},"line":6},"1":{"name":"setSubject","decl":{"start":{"line":16,"column":1},"end":{"line":19,"column":2}},"loc":{"start":{"line":16,"column":1},"end":{"line":19,"column":2}},"line":16},"2":{"name":"setFrom","decl":{"start":{"line":21,"column":1},"end":{"line":25,"column":2}},"loc":{"start":{"line":21,"column":1},"end":{"line":25,"column":2}},"line":21},"3":{"name":"setEncode","decl":{"start":{"line":27,"column":1},"end":{"line":30,"column":2}},"loc":{"start":{"line":27,"column":1},"end":{"line":30,"column":2}},"line":27},"4":{"name":"setText","decl":{"start":{"line":32,"column":1},"end":{"line":35,"column":2}},"loc":{"start":{"line":32,"column":1},"end":{"line":35,"column":2}},"line":32},"5":{"name":"setHtml","decl":{"start":{"line":37,"column":1},"end":{"line":40,"column":2}},"loc":{"start":{"line":37,"column":1},"end":{"line":40,"column":2}},"line":37},"6":{"name":"getRequest","decl":{"start":{"line":42,"column":1},"end":{"line":57,"column":2}},"loc":{"start":{"line":42,"column":1},"end":{"line":57,"column":2}},"line":42},"7":{"name":"req","decl":{"start":{"line":59,"column":7},"end":{"line":73,"column":2}},"loc":{"start":{"line":59,"column":7},"end":{"line":73,"column":2}},"line":59}},"f":{"0":6,"1":4,"2":4,"3":0,"4":4,"5":0,"6":5,"7":5}}
,"/Volumes/SSD/Code/Blastengine/blastengine-node/src/libs/delivery/transaction/index.ts": {"path":"/Volumes/SSD/Code/Blastengine/blastengine-node/src/libs/delivery/transaction/index.ts","all":false,"statementMap":{"0":{"start":{"line":1,"column":0},"end":{"line":1,"column":33}},"1":{"start":{"line":2,"column":0},"end":{"line":2,"column":31}},"2":{"start":{"line":3,"column":0},"end":{"line":3,"column":27}},"3":{"start":{"line":4,"column":0},"end":{"line":4,"column":26}},"4":{"start":{"line":5,"column":0},"end":{"line":5,"column":0}},"5":{"start":{"line":6,"column":0},"end":{"line":6,"column":47}},"6":{"start":{"line":7,"column":0},"end":{"line":7,"column":16}},"7":{"start":{"line":8,"column":0},"end":{"line":8,"column":66}},"8":{"start":{"line":9,"column":0},"end":{"line":9,"column":1}},"9":{"start":{"line":10,"column":0},"end":{"line":10,"column":48}},"10":{"start":{"line":11,"column":0},"end":{"line":11,"column":29}},"11":{"start":{"line":12,"column":0},"end":{"line":12,"column":27}},"12":{"start":{"line":13,"column":0},"end":{"line":13,"column":3}},"13":{"start":{"line":14,"column":0},"end":{"line":14,"column":18}},"14":{"start":{"line":15,"column":0},"end":{"line":15,"column":14}},"15":{"start":{"line":16,"column":0},"end":{"line":16,"column":2}},"16":{"start":{"line":17,"column":0},"end":{"line":17,"column":0}},"17":{"start":{"line":18,"column":0},"end":{"line":18,"column":37}},"18":{"start":{"line":19,"column":0},"end":{"line":19,"column":10}},"19":{"start":{"line":20,"column":0},"end":{"line":20,"column":10}},"20":{"start":{"line":21,"column":0},"end":{"line":21,"column":26}},"21":{"start":{"line":22,"column":0},"end":{"line":22,"column":23}},"22":{"start":{"line":23,"column":0},"end":{"line":23,"column":5}},"23":{"start":{"line":24,"column":0},"end":{"line":24,"column":15}},"24":{"start":{"line":25,"column":0},"end":{"line":25,"column":25}},"25":{"start":{"line":26,"column":0},"end":{"line":26,"column":23}},"26":{"start":{"line":27,"column":0},"end":{"line":27,"column":29}},"27":{"start":{"line":28,"column":0},"end":{"line":28,"column":29}},"28":{"start":{"line":29,"column":0},"end":{"line":29,"column":4}},"29":{"start":{"line":30,"column":0},"end":{"line":30,"column":2}},"30":{"start":{"line":31,"column":0},"end":{"line":31,"column":0}},"31":{"start":{"line":32,"column":0},"end":{"line":32,"column":82}},"32":{"start":{"line":33,"column":0},"end":{"line":33,"column":52}},"33":{"start":{"line":34,"column":0},"end":{"line":34,"column":2}},"34":{"start":{"line":35,"column":0},"end":{"line":35,"column":1}}},"s":{"0":1,"1":1,"2":1,"3":1,"4":1,"5":1,"6":1,"7":1,"8":1,"9":1,"10":1,"11":0,"12":0,"13":1,"14":1,"15":1,"16":1,"17":1,"18":1,"19":1,"20":1,"21":1,"22":1,"23":1,"24":1,"25":1,"26":1,"27":1,"28":1,"29":1,"30":1,"31":1,"32":1,"33":1,"34":1},"branchMap":{"0":{"type":"branch","line":6,"loc":{"start":{"line":6,"column":0},"end":{"line":35,"column":1}},"locations":[{"start":{"line":6,"column":0},"end":{"line":35,"column":1}}]},"1":{"type":"branch","line":10,"loc":{"start":{"line":10,"column":1},"end":{"line":16,"column":2}},"locations":[{"start":{"line":10,"column":1},"end":{"line":16,"column":2}}]},"2":{"type":"branch","line":11,"loc":{"start":{"line":11,"column":28},"end":{"line":13,"column":3}},"locations":[{"start":{"line":11,"column":28},"end":{"line":13,"column":3}}]},"3":{"type":"branch","line":18,"loc":{"start":{"line":18,"column":1},"end":{"line":30,"column":2}},"locations":[{"start":{"line":18,"column":1},"end":{"line":30,"column":2}}]},"4":{"type":"branch","line":32,"loc":{"start":{"line":32,"column":7},"end":{"line":34,"column":2}},"locations":[{"start":{"line":32,"column":7},"end":{"line":34,"column":2}}]}},"b":{"0":[1],"1":[1],"2":[0],"3":[1],"4":[1]},"fnMap":{"0":{"name":"Transaction","decl":{"start":{"line":6,"column":0},"end":{"line":35,"column":1}},"loc":{"start":{"line":6,"column":0},"end":{"line":35,"column":1}},"line":6},"1":{"name":"setTo","decl":{"start":{"line":10,"column":1},"end":{"line":16,"column":2}},"loc":{"start":{"line":10,"column":1},"end":{"line":16,"column":2}},"line":10},"2":{"name":"params","decl":{"start":{"line":18,"column":1},"end":{"line":30,"column":2}},"loc":{"start":{"line":18,"column":1},"end":{"line":30,"column":2}},"line":18},"3":{"name":"send","decl":{"start":{"line":32,"column":7},"end":{"line":34,"column":2}},"loc":{"start":{"line":32,"column":7},"end":{"line":34,"column":2}},"line":32}},"f":{"0":1,"1":1,"2":1,"3":1}}
,"/Volumes/SSD/Code/Blastengine/blastengine-node/src/libs/delivery/transaction/bulk/index.ts": {"path":"/Volumes/SSD/Code/Blastengine/blastengine-node/src/libs/delivery/transaction/bulk/index.ts","all":false,"statementMap":{"0":{"start":{"line":1,"column":0},"end":{"line":1,"column":34}},"1":{"start":{"line":2,"column":0},"end":{"line":2,"column":27}},"2":{"start":{"line":3,"column":0},"end":{"line":3,"column":32}},"3":{"start":{"line":4,"column":0},"end":{"line":4,"column":0}},"4":{"start":{"line":5,"column":0},"end":{"line":5,"column":40}},"5":{"start":{"line":6,"column":0},"end":{"line":6,"column":22}},"6":{"start":{"line":7,"column":0},"end":{"line":7,"column":25}},"7":{"start":{"line":8,"column":0},"end":{"line":8,"column":13}},"8":{"start":{"line":9,"column":0},"end":{"line":9,"column":0}},"9":{"start":{"line":10,"column":0},"end":{"line":10,"column":43}},"10":{"start":{"line":11,"column":0},"end":{"line":11,"column":65}},"11":{"start":{"line":12,"column":0},"end":{"line":12,"column":61}},"12":{"start":{"line":13,"column":0},"end":{"line":13,"column":37}},"13":{"start":{"line":14,"column":0},"end":{"line":14,"column":13}},"14":{"start":{"line":15,"column":0},"end":{"line":15,"column":2}},"15":{"start":{"line":16,"column":0},"end":{"line":16,"column":0}},"16":{"start":{"line":17,"column":0},"end":{"line":17,"column":41}},"17":{"start":{"line":18,"column":0},"end":{"line":18,"column":59}},"18":{"start":{"line":19,"column":0},"end":{"line":19,"column":87}},"19":{"start":{"line":20,"column":0},"end":{"line":20,"column":62}},"20":{"start":{"line":21,"column":0},"end":{"line":21,"column":13}},"21":{"start":{"line":22,"column":0},"end":{"line":22,"column":2}},"22":{"start":{"line":23,"column":0},"end":{"line":23,"column":0}},"23":{"start":{"line":24,"column":0},"end":{"line":24,"column":50}},"24":{"start":{"line":25,"column":0},"end":{"line":25,"column":14}},"25":{"start":{"line":26,"column":0},"end":{"line":26,"column":19}},"26":{"start":{"line":27,"column":0},"end":{"line":27,"column":42}},"27":{"start":{"line":28,"column":0},"end":{"line":28,"column":3}},"28":{"start":{"line":29,"column":0},"end":{"line":29,"column":19}},"29":{"start":{"line":30,"column":0},"end":{"line":30,"column":59}},"30":{"start":{"line":31,"column":0},"end":{"line":31,"column":87}},"31":{"start":{"line":32,"column":0},"end":{"line":32,"column":64}},"32":{"start":{"line":33,"column":0},"end":{"line":33,"column":13}},"33":{"start":{"line":34,"column":0},"end":{"line":34,"column":2}},"34":{"start":{"line":35,"column":0},"end":{"line":35,"column":0}},"35":{"start":{"line":36,"column":0},"end":{"line":36,"column":0}},"36":{"start":{"line":37,"column":0},"end":{"line":37,"column":68}},"37":{"start":{"line":38,"column":0},"end":{"line":38,"column":16}},"38":{"start":{"line":39,"column":0},"end":{"line":39,"column":9}},"39":{"start":{"line":40,"column":0},"end":{"line":40,"column":100}},"40":{"start":{"line":41,"column":0},"end":{"line":41,"column":5}},"41":{"start":{"line":42,"column":0},"end":{"line":42,"column":14}},"42":{"start":{"line":43,"column":0},"end":{"line":43,"column":2}},"43":{"start":{"line":44,"column":0},"end":{"line":44,"column":0}},"44":{"start":{"line":45,"column":0},"end":{"line":45,"column":39}},"45":{"start":{"line":46,"column":0},"end":{"line":46,"column":10}},"46":{"start":{"line":47,"column":0},"end":{"line":47,"column":10}},"47":{"start":{"line":48,"column":0},"end":{"line":48,"column":26}},"48":{"start":{"line":49,"column":0},"end":{"line":49,"column":23}},"49":{"start":{"line":50,"column":0},"end":{"line":50,"column":5}},"50":{"start":{"line":51,"column":0},"end":{"line":51,"column":25}},"51":{"start":{"line":52,"column":0},"end":{"line":52,"column":23}},"52":{"start":{"line":53,"column":0},"end":{"line":53,"column":29}},"53":{"start":{"line":54,"column":0},"end":{"line":54,"column":29}},"54":{"start":{"line":55,"column":0},"end":{"line":55,"column":4}},"55":{"start":{"line":56,"column":0},"end":{"line":56,"column":2}},"56":{"start":{"line":57,"column":0},"end":{"line":57,"column":0}},"57":{"start":{"line":58,"column":0},"end":{"line":58,"column":42}},"58":{"start":{"line":59,"column":0},"end":{"line":59,"column":10}},"59":{"start":{"line":60,"column":0},"end":{"line":60,"column":10}},"60":{"start":{"line":61,"column":0},"end":{"line":61,"column":26}},"61":{"start":{"line":62,"column":0},"end":{"line":62,"column":23}},"62":{"start":{"line":63,"column":0},"end":{"line":63,"column":5}},"63":{"start":{"line":64,"column":0},"end":{"line":64,"column":25}},"64":{"start":{"line":65,"column":0},"end":{"line":65,"column":15}},"65":{"start":{"line":66,"column":0},"end":{"line":66,"column":29}},"66":{"start":{"line":67,"column":0},"end":{"line":67,"column":29}},"67":{"start":{"line":68,"column":0},"end":{"line":68,"column":4}},"68":{"start":{"line":69,"column":0},"end":{"line":69,"column":2}},"69":{"start":{"line":70,"column":0},"end":{"line":70,"column":0}},"70":{"start":{"line":71,"column":0},"end":{"line":71,"column":42}},"71":{"start":{"line":72,"column":0},"end":{"line":72,"column":27}},"72":{"start":{"line":73,"column":0},"end":{"line":73,"column":10}},"73":{"start":{"line":74,"column":0},"end":{"line":74,"column":79}},"74":{"start":{"line":75,"column":0},"end":{"line":75,"column":3}},"75":{"start":{"line":76,"column":0},"end":{"line":76,"column":2}},"76":{"start":{"line":77,"column":0},"end":{"line":77,"column":1}}},"s":{"0":1,"1":1,"2":1,"3":1,"4":5,"5":5,"6":5,"7":5,"8":5,"9":5,"10":3,"11":3,"12":2,"13":2,"14":2,"15":5,"16":5,"17":1,"18":1,"19":1,"20":1,"21":1,"22":5,"23":5,"24":0,"25":0,"26":0,"27":0,"28":0,"29":0,"30":0,"31":0,"32":0,"33":0,"34":5,"35":5,"36":5,"37":1,"38":1,"39":1,"40":1,"41":1,"42":1,"43":5,"44":5,"45":3,"46":3,"47":3,"48":3,"49":3,"50":3,"51":3,"52":3,"53":3,"54":3,"55":3,"56":5,"57":5,"58":1,"59":1,"60":1,"61":1,"62":1,"63":1,"64":1,"65":1,"66":1,"67":1,"68":1,"69":5,"70":5,"71":0,"72":0,"73":0,"74":0,"75":0,"76":5},"branchMap":{"0":{"type":"branch","line":5,"loc":{"start":{"line":5,"column":0},"end":{"line":77,"column":1}},"locations":[{"start":{"line":5,"column":0},"end":{"line":77,"column":1}}]},"1":{"type":"branch","line":10,"loc":{"start":{"line":10,"column":7},"end":{"line":15,"column":2}},"locations":[{"start":{"line":10,"column":7},"end":{"line":15,"column":2}}]},"2":{"type":"branch","line":13,"loc":{"start":{"line":13,"column":-1},"end":{"line":15,"column":2}},"locations":[{"start":{"line":13,"column":-1},"end":{"line":15,"column":2}}]},"3":{"type":"branch","line":17,"loc":{"start":{"line":17,"column":7},"end":{"line":22,"column":2}},"locations":[{"start":{"line":17,"column":7},"end":{"line":22,"column":2}}]},"4":{"type":"branch","line":18,"loc":{"start":{"line":18,"column":25},"end":{"line":18,"column":59}},"locations":[{"start":{"line":18,"column":25},"end":{"line":18,"column":59}}]},"5":{"type":"branch","line":37,"loc":{"start":{"line":37,"column":1},"end":{"line":43,"column":2}},"locations":[{"start":{"line":37,"column":1},"end":{"line":43,"column":2}}]},"6":{"type":"branch","line":40,"loc":{"start":{"line":40,"column":42},"end":{"line":40,"column":70}},"locations":[{"start":{"line":40,"column":42},"end":{"line":40,"column":70}}]},"7":{"type":"branch","line":45,"loc":{"start":{"line":45,"column":1},"end":{"line":56,"column":2}},"locations":[{"start":{"line":45,"column":1},"end":{"line":56,"column":2}}]},"8":{"type":"branch","line":58,"loc":{"start":{"line":58,"column":1},"end":{"line":69,"column":2}},"locations":[{"start":{"line":58,"column":1},"end":{"line":69,"column":2}}]}},"b":{"0":[5],"1":[3],"2":[2],"3":[1],"4":[0],"5":[1],"6":[0],"7":[3],"8":[1]},"fnMap":{"0":{"name":"Bulk","decl":{"start":{"line":5,"column":0},"end":{"line":77,"column":1}},"loc":{"start":{"line":5,"column":0},"end":{"line":77,"column":1}},"line":5},"1":{"name":"register","decl":{"start":{"line":10,"column":7},"end":{"line":15,"column":2}},"loc":{"start":{"line":10,"column":7},"end":{"line":15,"column":2}},"line":10},"2":{"name":"update","decl":{"start":{"line":17,"column":7},"end":{"line":22,"column":2}},"loc":{"start":{"line":17,"column":7},"end":{"line":22,"column":2}},"line":17},"3":{"name":"send","decl":{"start":{"line":24,"column":7},"end":{"line":34,"column":2}},"loc":{"start":{"line":24,"column":7},"end":{"line":34,"column":2}},"line":24},"4":{"name":"setTo","decl":{"start":{"line":37,"column":1},"end":{"line":43,"column":2}},"loc":{"start":{"line":37,"column":1},"end":{"line":43,"column":2}},"line":37},"5":{"name":"saveParams","decl":{"start":{"line":45,"column":1},"end":{"line":56,"column":2}},"loc":{"start":{"line":45,"column":1},"end":{"line":56,"column":2}},"line":45},"6":{"name":"updateParams","decl":{"start":{"line":58,"column":1},"end":{"line":69,"column":2}},"loc":{"start":{"line":58,"column":1},"end":{"line":69,"column":2}},"line":58},"7":{"name":"commitParams","decl":{"start":{"line":71,"column":1},"end":{"line":76,"column":2}},"loc":{"start":{"line":71,"column":1},"end":{"line":76,"column":2}},"line":71}},"f":{"0":5,"1":3,"2":1,"3":0,"4":1,"5":3,"6":1,"7":0}}
}
