TN:
SF:src/index.ts
FN:13,Client
FN:23,bluk
FN:27,generateToken
FNF:3
FNH:3
FNDA:2,Client
FNDA:3,bluk
FNDA:2,generateToken
DA:1,1
DA:2,1
DA:3,1
DA:4,1
DA:5,1
DA:6,1
DA:7,1
DA:8,1
DA:9,1
DA:10,1
DA:11,1
DA:12,1
DA:13,1
DA:14,2
DA:15,2
DA:16,2
DA:17,2
DA:18,2
DA:19,2
DA:20,2
DA:21,2
DA:22,1
DA:23,1
DA:24,3
DA:25,3
DA:26,1
DA:27,1
DA:28,2
DA:29,2
DA:30,2
DA:31,2
DA:32,2
DA:33,2
DA:34,2
DA:35,2
DA:36,2
DA:37,1
LF:37
LH:37
BRDA:13,0,0,2
BRDA:23,1,0,3
BRDA:27,2,0,2
BRF:3
BRH:3
end_of_record
TN:
SF:src/libs/delivery/index.ts
FN:8,Delivery
FN:12,transaction
FNF:2
FNH:2
FNDA:2,Delivery
FNDA:1,transaction
DA:1,1
DA:2,1
DA:3,1
DA:4,1
DA:5,1
DA:6,1
DA:7,1
DA:8,1
DA:9,2
DA:10,2
DA:11,1
DA:12,1
DA:13,1
DA:14,1
DA:15,1
LF:15
LH:15
BRDA:8,0,0,2
BRDA:12,1,0,1
BRF:2
BRH:2
end_of_record
TN:
SF:src/libs/delivery/transaction/base.ts
FN:6,Base
FN:16,setSubject
FN:21,setFrom
FN:27,setEncode
FN:32,setText
FN:37,setHtml
FN:42,getRequest
FN:59,req
FNF:8
FNH:6
FNDA:6,Base
FNDA:4,setSubject
FNDA:4,setFrom
FNDA:0,setEncode
FNDA:4,setText
FNDA:0,setHtml
FNDA:5,getRequest
FNDA:5,req
DA:1,1
DA:2,1
DA:3,1
DA:4,1
DA:5,1
DA:6,6
DA:7,6
DA:8,6
DA:9,6
DA:10,6
DA:11,6
DA:12,6
DA:13,6
DA:14,6
DA:15,6
DA:16,6
DA:17,4
DA:18,4
DA:19,4
DA:20,6
DA:21,6
DA:22,4
DA:23,4
DA:24,4
DA:25,4
DA:26,6
DA:27,6
DA:28,0
DA:29,0
DA:30,0
DA:31,6
DA:32,6
DA:33,4
DA:34,4
DA:35,4
DA:36,6
DA:37,6
DA:38,0
DA:39,0
DA:40,0
DA:41,6
DA:42,6
DA:43,5
DA:44,5
DA:45,0
DA:46,5
DA:47,4
DA:48,5
DA:49,1
DA:50,5
DA:51,0
DA:52,5
DA:53,0
DA:54,5
DA:55,0
DA:56,5
DA:57,5
DA:58,6
DA:59,6
DA:60,5
DA:61,5
DA:62,5
DA:63,5
DA:64,5
DA:65,5
DA:66,4
DA:67,5
DA:68,1
DA:69,1
DA:70,1
DA:71,0
DA:72,0
DA:73,5
DA:74,6
LF:74
LH:62
BRDA:6,0,0,6
BRDA:16,1,0,4
BRDA:21,2,0,4
BRDA:32,3,0,4
BRDA:42,4,0,5
BRDA:44,5,0,0
BRDA:46,6,0,4
BRDA:48,7,0,1
BRDA:50,8,0,0
BRDA:52,9,0,0
BRDA:54,10,0,0
BRDA:59,11,0,5
BRDA:64,12,0,0
BRDA:66,13,0,4
BRDA:67,14,0,1
BRDA:71,15,0,0
BRF:16
BRH:10
end_of_record
TN:
SF:src/libs/delivery/transaction/index.ts
FN:6,Transaction
FN:10,setTo
FN:18,params
FN:32,send
FNF:4
FNH:4
FNDA:1,Transaction
FNDA:1,setTo
FNDA:1,params
FNDA:1,send
DA:1,1
DA:2,1
DA:3,1
DA:4,1
DA:5,1
DA:6,1
DA:7,1
DA:8,1
DA:9,1
DA:10,1
DA:11,1
DA:12,0
DA:13,0
DA:14,1
DA:15,1
DA:16,1
DA:17,1
DA:18,1
DA:19,1
DA:20,1
DA:21,1
DA:22,1
DA:23,1
DA:24,1
DA:25,1
DA:26,1
DA:27,1
DA:28,1
DA:29,1
DA:30,1
DA:31,1
DA:32,1
DA:33,1
DA:34,1
DA:35,1
LF:35
LH:33
BRDA:6,0,0,1
BRDA:10,1,0,1
BRDA:11,2,0,0
BRDA:18,3,0,1
BRDA:32,4,0,1
BRF:5
BRH:4
end_of_record
TN:
SF:src/libs/delivery/transaction/bulk/index.ts
FN:5,Bulk
FN:10,register
FN:17,update
FN:24,send
FN:37,setTo
FN:45,saveParams
FN:58,updateParams
FN:71,commitParams
FNF:8
FNH:6
FNDA:5,Bulk
FNDA:3,register
FNDA:1,update
FNDA:0,send
FNDA:1,setTo
FNDA:3,saveParams
FNDA:1,updateParams
FNDA:0,commitParams
DA:1,1
DA:2,1
DA:3,1
DA:4,1
DA:5,5
DA:6,5
DA:7,5
DA:8,5
DA:9,5
DA:10,5
DA:11,3
DA:12,3
DA:13,2
DA:14,2
DA:15,2
DA:16,5
DA:17,5
DA:18,1
DA:19,1
DA:20,1
DA:21,1
DA:22,1
DA:23,5
DA:24,5
DA:25,0
DA:26,0
DA:27,0
DA:28,0
DA:29,0
DA:30,0
DA:31,0
DA:32,0
DA:33,0
DA:34,0
DA:35,5
DA:36,5
DA:37,5
DA:38,1
DA:39,1
DA:40,1
DA:41,1
DA:42,1
DA:43,1
DA:44,5
DA:45,5
DA:46,3
DA:47,3
DA:48,3
DA:49,3
DA:50,3
DA:51,3
DA:52,3
DA:53,3
DA:54,3
DA:55,3
DA:56,3
DA:57,5
DA:58,5
DA:59,1
DA:60,1
DA:61,1
DA:62,1
DA:63,1
DA:64,1
DA:65,1
DA:66,1
DA:67,1
DA:68,1
DA:69,1
DA:70,5
DA:71,5
DA:72,0
DA:73,0
DA:74,0
DA:75,0
DA:76,0
DA:77,5
LF:77
LH:62
BRDA:5,0,0,5
BRDA:10,1,0,3
BRDA:13,2,0,2
BRDA:17,3,0,1
BRDA:18,4,0,0
BRDA:37,5,0,1
BRDA:40,6,0,0
BRDA:45,7,0,3
BRDA:58,8,0,1
BRF:9
BRH:7
end_of_record
