TN:
SF:src/index.ts
FN:13,Client
FN:23,bluk
FN:27,generateToken
FNF:3
FNH:3
FNDA:2,Client
FNDA:3,bluk
FNDA:2,generateToken
DA:1,1
DA:2,1
DA:3,1
DA:4,1
DA:5,1
DA:6,1
DA:7,1
DA:8,1
DA:9,1
DA:10,1
DA:11,1
DA:12,1
DA:13,1
DA:14,2
DA:15,2
DA:16,2
DA:17,2
DA:18,2
DA:19,2
DA:20,2
DA:21,2
DA:22,1
DA:23,1
DA:24,3
DA:25,3
DA:26,1
DA:27,1
DA:28,2
DA:29,2
DA:30,2
DA:31,2
DA:32,2
DA:33,2
DA:34,2
DA:35,2
DA:36,2
DA:37,1
LF:37
LH:37
BRDA:13,0,0,2
BRDA:23,1,0,3
BRDA:27,2,0,2
BRF:3
BRH:3
end_of_record
TN:
SF:src/libs/delivery/index.ts
FN:8,Delivery
FN:12,transaction
FNF:2
FNH:2
FNDA:2,Delivery
FNDA:2,transaction
DA:1,1
DA:2,1
DA:3,1
DA:4,1
DA:5,1
DA:6,1
DA:7,1
DA:8,1
DA:9,2
DA:10,2
DA:11,1
DA:12,1
DA:13,2
DA:14,2
DA:15,1
LF:15
LH:15
BRDA:8,0,0,2
BRDA:12,1,0,2
BRF:2
BRH:2
end_of_record
TN:
SF:src/libs/delivery/transaction/base.ts
FN:6,Base
FN:17,setSubject
FN:22,setFrom
FN:28,setEncode
FN:33,setText
FN:38,setHtml
FN:43,addAttachment
FN:48,getRequest
FN:65,req
FN:86,sendJson
FN:92,sendAttachment
FNF:11
FNH:9
FNDA:7,Base
FNDA:5,setSubject
FNDA:5,setFrom
FNDA:0,setEncode
FNDA:5,setText
FNDA:0,setHtml
FNDA:2,addAttachment
FNDA:10,getRequest
FNDA:10,req
FNDA:9,sendJson
FNDA:1,sendAttachment
DA:1,1
DA:2,1
DA:3,1
DA:4,1
DA:5,1
DA:6,7
DA:7,7
DA:8,7
DA:9,7
DA:10,7
DA:11,7
DA:12,7
DA:13,7
DA:14,7
DA:15,7
DA:16,7
DA:17,7
DA:18,5
DA:19,5
DA:20,5
DA:21,7
DA:22,7
DA:23,5
DA:24,5
DA:25,5
DA:26,5
DA:27,7
DA:28,7
DA:29,0
DA:30,0
DA:31,0
DA:32,7
DA:33,7
DA:34,5
DA:35,5
DA:36,5
DA:37,7
DA:38,7
DA:39,0
DA:40,0
DA:41,0
DA:42,7
DA:43,7
DA:44,2
DA:45,2
DA:46,2
DA:47,7
DA:48,7
DA:49,10
DA:50,10
DA:51,0
DA:52,10
DA:53,5
DA:54,10
DA:55,2
DA:56,10
DA:57,2
DA:58,10
DA:59,1
DA:60,10
DA:61,0
DA:62,10
DA:63,10
DA:64,7
DA:65,7
DA:66,10
DA:67,10
DA:68,10
DA:69,10
DA:70,10
DA:71,1
DA:72,1
DA:73,9
DA:74,9
DA:75,9
DA:76,9
DA:77,10
DA:78,0
DA:79,0
DA:80,0
DA:81,0
DA:82,0
DA:83,0
DA:84,10
DA:85,7
DA:86,7
DA:87,9
DA:88,9
DA:89,9
DA:90,9
DA:91,7
DA:92,7
DA:93,1
DA:94,2
DA:95,2
DA:96,1
DA:97,1
DA:98,1
DA:99,1
DA:100,1
DA:101,1
DA:102,1
DA:103,7
LF:103
LH:89
BRDA:6,0,0,7
BRDA:17,1,0,5
BRDA:22,2,0,5
BRDA:33,3,0,5
BRDA:43,4,0,2
BRDA:48,5,0,10
BRDA:50,6,0,0
BRDA:52,7,0,5
BRDA:54,8,0,2
BRDA:56,9,0,2
BRDA:58,10,0,1
BRDA:60,11,0,0
BRDA:65,12,0,10
BRDA:69,13,0,0
BRDA:70,14,0,9
BRDA:70,15,0,1
BRDA:77,16,0,0
BRDA:86,17,0,9
BRDA:92,18,0,1
BRDA:93,19,0,2
BRF:20
BRH:16
end_of_record
TN:
SF:src/libs/delivery/transaction/index.ts
FN:6,Transaction
FN:10,setTo
FN:18,params
FN:32,send
FNF:4
FNH:4
FNDA:2,Transaction
FNDA:2,setTo
FNDA:2,params
FNDA:2,send
DA:1,1
DA:2,1
DA:3,1
DA:4,1
DA:5,1
DA:6,2
DA:7,2
DA:8,2
DA:9,2
DA:10,2
DA:11,2
DA:12,0
DA:13,0
DA:14,2
DA:15,2
DA:16,2
DA:17,2
DA:18,2
DA:19,2
DA:20,2
DA:21,2
DA:22,2
DA:23,2
DA:24,2
DA:25,2
DA:26,2
DA:27,2
DA:28,2
DA:29,2
DA:30,2
DA:31,2
DA:32,2
DA:33,2
DA:34,2
DA:35,2
LF:35
LH:33
BRDA:6,0,0,2
BRDA:10,1,0,2
BRDA:11,2,0,0
BRDA:18,3,0,2
BRDA:32,4,0,2
BRF:5
BRH:4
end_of_record
TN:
SF:src/libs/delivery/transaction/bulk/index.ts
FN:5,Bulk
FN:10,register
FN:17,update
FN:24,send
FN:36,delete
FN:43,setTo
FN:56,saveParams
FN:69,updateParams
FN:82,commitParams
FNF:9
FNH:9
FNDA:5,Bulk
FNDA:3,register
FNDA:2,update
FNDA:1,send
FNDA:2,delete
FNDA:3,setTo
FNDA:3,saveParams
FNDA:2,updateParams
FNDA:1,commitParams
DA:1,1
DA:2,1
DA:3,1
DA:4,1
DA:5,5
DA:6,5
DA:7,5
DA:8,5
DA:9,5
DA:10,5
DA:11,3
DA:12,3
DA:13,3
DA:14,3
DA:15,3
DA:16,5
DA:17,5
DA:18,2
DA:19,2
DA:20,2
DA:21,2
DA:22,2
DA:23,5
DA:24,5
DA:25,1
DA:26,1
DA:27,1
DA:28,1
DA:29,1
DA:30,1
DA:31,1
DA:32,1
DA:33,1
DA:34,1
DA:35,5
DA:36,5
DA:37,2
DA:38,2
DA:39,2
DA:40,2
DA:41,2
DA:42,5
DA:43,5
DA:44,3
DA:45,3
DA:46,3
DA:47,0
DA:48,3
DA:49,3
DA:50,3
DA:51,3
DA:52,3
DA:53,3
DA:54,3
DA:55,5
DA:56,5
DA:57,3
DA:58,3
DA:59,3
DA:60,3
DA:61,3
DA:62,3
DA:63,3
DA:64,3
DA:65,3
DA:66,3
DA:67,3
DA:68,5
DA:69,5
DA:70,2
DA:71,2
DA:72,2
DA:73,2
DA:74,2
DA:75,2
DA:76,2
DA:77,2
DA:78,2
DA:79,2
DA:80,2
DA:81,5
DA:82,5
DA:83,1
DA:84,1
DA:85,1
DA:86,1
DA:87,1
DA:88,5
LF:88
LH:87
BRDA:5,0,0,5
BRDA:10,1,0,3
BRDA:17,2,0,2
BRDA:18,3,0,0
BRDA:24,4,0,1
BRDA:30,5,0,0
BRDA:36,6,0,2
BRDA:37,7,0,0
BRDA:43,8,0,3
BRDA:46,9,0,0
BRDA:56,10,0,3
BRDA:69,11,0,2
BRDA:82,12,0,1
BRF:13
BRH:9
end_of_record
